<?xml version="1.0" encoding="UTF-8"?>
<testng-results ignored="0" total="1" passed="1" failed="0" skipped="0">
  <reporter-output>
  </reporter-output>
  <suite started-at="2023-11-22T18:02:46 IST" name="Default suite" finished-at="2023-11-22T18:02:46 IST" duration-ms="154">
    <groups>
    </groups>
    <test started-at="2023-11-22T18:02:46 IST" name="Default test" finished-at="2023-11-22T18:02:46 IST" duration-ms="154">
      <class name="module10.AssignmenTest">
        <test-method signature="s()[pri:0, instance:module10.AssignmenTest@55b699ef]" started-at="2023-11-22T18:02:46 IST" name="s" finished-at="2023-11-22T18:02:46 IST" duration-ms="28" status="PASS">
          <reporter-output>
          </reporter-output>
        </test-method> <!-- s -->
      </class> <!-- module10.AssignmenTest -->
    </test> <!-- Default test -->
  </suite> <!-- Default suite -->
</testng-results>
